<?xml version="1.0" encoding="UTF-8"?>
<!-- Generated by org.testng.reporters.JUnitReportReporter -->
<testsuite hostname="AymanHussein" failures="0" tests="2" name="test.ProductTest" time="20.294" errors="0" timestamp="2025-10-02T20:27:27 CDT" skipped="0">
  <testcase classname="test.ProductTest" name="CustomerShouldAddItemstoCart" time="6.637"/>
  <testcase classname="test.ProductTest" name="CustomerShouldLoginThenLogOut" time="13.657"/>
</testsuite> <!-- test.ProductTest -->
