<?xml version="1.0" encoding="UTF-8"?>
<!-- Generated by org.testng.reporters.JUnitReportReporter -->
<testsuite hostname="AymanHussein" failures="0" tests="1" name="test.CheckoutTest" time="26.164" errors="0" timestamp="2025-10-02T20:27:27 CDT" skipped="0">
  <testcase classname="test.CheckoutTest" name="CustomerShouldCheckout" time="26.164"/>
</testsuite> <!-- test.CheckoutTest -->
