<?xml version="1.0" encoding="UTF-8"?>
<!-- Generated by org.testng.reporters.JUnitReportReporter -->
<testsuite hostname="AymanHussein" failures="0" tests="1" name="test.CartTest" time="25.783" errors="0" timestamp="2025-10-02T20:27:27 CDT" skipped="0">
  <testcase classname="test.CartTest" name="CustomerShouldgotoCartPage" time="25.783"/>
</testsuite> <!-- test.CartTest -->
