<?xml version="1.0" encoding="UTF-8"?>
<!-- Generated by org.testng.reporters.JUnitReportReporter -->
<testsuite hostname="AymanHussein" failures="0" tests="11" name="test.LoginTest" time="69.409" errors="0" timestamp="2025-10-02T20:27:27 CDT" skipped="0">
  <testcase classname="test.LoginTest" name="validatUserNameEmptyMSG" time="6.740"/>
  <testcase classname="test.LoginTest" name="validatPasswordEmptyMSG" time="5.427"/>
  <testcase classname="test.LoginTest" name="validatWrongusernametoLogin" time="7.056"/>
  <testcase classname="test.LoginTest" name="validatWrongpasswordtoLogin" time="7.457"/>
  <testcase classname="test.LoginTest" name="validatusershouldtoLogin" time="6.521"/>
  <testcase classname="test.LoginTest" name="LoginUsingDifRole" time="7.758"/>
  <testcase classname="test.LoginTest" name="LoginUsingDifRole" time="5.033"/>
  <testcase classname="test.LoginTest" name="LoginUsingDifRole" time="5.179"/>
  <testcase classname="test.LoginTest" name="LoginUsingDifRole" time="7.369"/>
  <testcase classname="test.LoginTest" name="LoginUsingDifRole" time="5.978"/>
  <testcase classname="test.LoginTest" name="LoginUsingDifRole" time="4.891"/>
</testsuite> <!-- test.LoginTest -->
